<?xml version="1.0" encoding="UTF-8"?>
<!-- Generated by org.testng.reporters.JUnitReportReporter -->
<testsuite hostname="DESKTOP-1OP6S3U" failures="0" tests="1" name="practice.ArrayReverse" time="0.020" errors="0" timestamp="2023-11-20T13:10:00 IST" skipped="0">
  <testcase classname="practice.ArrayReverse" name="arrRev" time="0.020"/>
  <system-out/>
</testsuite> <!-- practice.ArrayReverse -->
