<?xml version="1.0" encoding="UTF-8"?>
<!-- Generated by org.testng.reporters.JUnitReportReporter -->
<testsuite hostname="DESKTOP-1OP6S3U" failures="0" tests="1" name="zposmrt.R1R2Assignment" time="0.022" errors="0" timestamp="2023-11-22T17:03:13 IST" skipped="0">
  <testcase classname="zposmrt.R1R2Assignment" name="R1R2" time="0.022"/>
  <system-out/>
</testsuite> <!-- zposmrt.R1R2Assignment -->
