<?xml version="1.0" encoding="UTF-8"?>
<!-- Generated by org.testng.reporters.JUnitReportReporter -->
<testsuite hostname="DESKTOP-1OP6S3U" failures="0" tests="1" name="zposmrt.petStr" time="7.642" errors="0" timestamp="2023-11-22T15:48:10 IST" skipped="0">
  <testcase classname="zposmrt.petStr" name="pojoPostRequest" time="7.642"/>
  <system-out/>
</testsuite> <!-- zposmrt.petStr -->
