<?xml version="1.0" encoding="UTF-8"?>
<!-- Generated by org.testng.reporters.JUnitReportReporter -->
<testsuite hostname="DESKTOP-1OP6S3U" failures="0" tests="1" name="zposmrt.CrudOpr" time="10.533" errors="0" timestamp="2023-11-15T16:09:20 IST" skipped="0">
  <testcase classname="zposmrt.CrudOpr" name="fetchDatafromJSONfile" time="10.533"/>
  <system-out/>
</testsuite> <!-- zposmrt.CrudOpr -->
