<?xml version="1.0" encoding="UTF-8"?>
<!-- Generated by org.testng.reporters.JUnitReportReporter -->
<testsuite hostname="DESKTOP-1OP6S3U" failures="0" tests="1" name="zposmrt.abc" time="0.021" errors="0" timestamp="2023-11-17T15:04:20 IST" skipped="0">
  <testcase classname="zposmrt.abc" name="c" time="0.021"/>
  <system-out/>
</testsuite> <!-- zposmrt.abc -->
