<?xml version="1.0" encoding="UTF-8"?>
<!-- Generated by org.testng.reporters.JUnitReportReporter -->
<testsuite hostname="DESKTOP-1OP6S3U" failures="0" tests="1" name="practice.CrudOpr" time="10.239" errors="0" timestamp="2023-11-15T16:45:12 IST" skipped="0">
  <testcase classname="practice.CrudOpr" name="CrudOperations" time="10.239"/>
  <system-out/>
</testsuite> <!-- practice.CrudOpr -->
