<?xml version="1.0" encoding="UTF-8"?>
<!-- Generated by org.testng.reporters.JUnitReportReporter -->
<testsuite hostname="DESKTOP-1OP6S3U" failures="0" tests="1" name="practice.zerosAtLast" time="0.018" errors="0" timestamp="2023-11-20T18:07:30 IST" skipped="0">
  <testcase classname="practice.zerosAtLast" name="LastZero" time="0.018"/>
  <system-out/>
</testsuite> <!-- practice.zerosAtLast -->
