<?xml version="1.0" encoding="UTF-8"?>
<!-- Generated by org.testng.reporters.JUnitReportReporter -->
<testsuite hostname="DESKTOP-1OP6S3U" failures="0" tests="1" name="practice.strProgrm" time="0.018" errors="0" timestamp="2023-11-20T13:12:02 IST" skipped="0">
  <testcase classname="practice.strProgrm" name="prgm" time="0.018"/>
  <system-out/>
</testsuite> <!-- practice.strProgrm -->
